<?xml version="1.0" encoding="UTF-8"?>
<testsuite hostname="CoverosSpare" name="com.coveros.appium_testing.YoutubeTests" tests="2" failures="1" timestamp="30 Oct 2017 14:54:21 GMT" time="45.79" errors="0">
  <testcase name="checkCloseButton" time="7.692" classname="com.coveros.appium_testing.YoutubeTests"/>
  <testcase name="youtubeSearch" time="8.396" classname="com.coveros.appium_testing.YoutubeTests">
    <failure type="org.openqa.selenium.NoSuchElementException" message="An element could not be located on the page using the given search parameters. (WARNING: The server did not provide any stacktrace information)
Command duration or timeout: 8.34 seconds
For documentation on this error, please visit: http://seleniumhq.org/exceptions/no_such_element.html
Build info: version: &amp;apos;2.46.0&amp;apos;, revision: &amp;apos;61506a4624b13675f24581e453592342b7485d71&amp;apos;, time: &amp;apos;2015-06-04 10:22:50&amp;apos;
System info: host: &amp;apos;CoverosSpare&amp;apos;, ip: &amp;apos;192.168.1.174&amp;apos;, os.name: &amp;apos;Windows 8.1&amp;apos;, os.arch: &amp;apos;amd64&amp;apos;, os.version: &amp;apos;6.3&amp;apos;, java.version: &amp;apos;1.8.0_144&amp;apos;
Driver info: io.appium.java_client.android.AndroidDriver
Capabilities [{appPackage=com.google.android.youtube, deviceScreenSize=1440x2960, networkConnectionEnabled=true, warnings={}, databaseEnabled=false, deviceName=192.168.250.101:5555, platform=LINUX, deviceUDID=192.168.250.101:5555, appActivity=com.google.android.apps.youtube.app.WatchWhileActivity, desired={appPackage=com.google.android.youtube, appActivity=com.google.android.apps.youtube.app.WatchWhileActivity, browserName=, platformName=Android, deviceName=emulator}, platformVersion=7.0, webStorageEnabled=false, locationContextEnabled=false, takesScreenshot=true, browserName=, javascriptEnabled=true, deviceModel=Samsung Galaxy S8  API 24, platformName=Android, deviceManufacturer=Genymotion}]
Session ID: b52e01af-949b-4b7a-adf5-8c4ee5a5e46c
*** Element info: {Using=accessibility id, value=Search}">
      <![CDATA[org.openqa.selenium.NoSuchElementException: An element could not be located on the page using the given search parameters. (WARNING: The server did not provide any stacktrace information)
Command duration or timeout: 8.34 seconds
For documentation on this error, please visit: http://seleniumhq.org/exceptions/no_such_element.html
Build info: version: '2.46.0', revision: '61506a4624b13675f24581e453592342b7485d71', time: '2015-06-04 10:22:50'
System info: host: 'CoverosSpare', ip: '192.168.1.174', os.name: 'Windows 8.1', os.arch: 'amd64', os.version: '6.3', java.version: '1.8.0_144'
Driver info: io.appium.java_client.android.AndroidDriver
Capabilities [{appPackage=com.google.android.youtube, deviceScreenSize=1440x2960, networkConnectionEnabled=true, warnings={}, databaseEnabled=false, deviceName=192.168.250.101:5555, platform=LINUX, deviceUDID=192.168.250.101:5555, appActivity=com.google.android.apps.youtube.app.WatchWhileActivity, desired={appPackage=com.google.android.youtube, appActivity=com.google.android.apps.youtube.app.WatchWhileActivity, browserName=, platformName=Android, deviceName=emulator}, platformVersion=7.0, webStorageEnabled=false, locationContextEnabled=false, takesScreenshot=true, browserName=, javascriptEnabled=true, deviceModel=Samsung Galaxy S8  API 24, platformName=Android, deviceManufacturer=Genymotion}]
Session ID: b52e01af-949b-4b7a-adf5-8c4ee5a5e46c
*** Element info: {Using=accessibility id, value=Search}
	at org.openqa.selenium.remote.ErrorHandler.createThrowable(ErrorHandler.java:204)
	at org.openqa.selenium.remote.ErrorHandler.throwIfResponseFailed(ErrorHandler.java:156)
	at org.openqa.selenium.remote.RemoteWebDriver.execute(RemoteWebDriver.java:605)
	at io.appium.java_client.DefaultGenericMobileDriver.execute(DefaultGenericMobileDriver.java:27)
	at io.appium.java_client.AppiumDriver.execute(AppiumDriver.java:1)
	at io.appium.java_client.android.AndroidDriver.execute(AndroidDriver.java:1)
	at org.openqa.selenium.remote.RemoteWebDriver.findElement(RemoteWebDriver.java:358)
	at io.appium.java_client.DefaultGenericMobileDriver.findElementByAccessibilityId(DefaultGenericMobileDriver.java:108)
	at io.appium.java_client.AppiumDriver.findElementByAccessibilityId(AppiumDriver.java:1)
	at io.appium.java_client.android.AndroidDriver.findElementByAccessibilityId(AndroidDriver.java:1)
	at com.coveros.appium_testing.YoutubeTests.youtubeSearch(YoutubeTests.java:60)
	at java.util.concurrent.ThreadPoolExecutor.runWorker(ThreadPoolExecutor.java:1149)
	at java.util.concurrent.ThreadPoolExecutor$Worker.run(ThreadPoolExecutor.java:624)
	at java.lang.Thread.run(Thread.java:748)
... Removed 14 stack frames]]>
    </failure>
  </testcase>
</testsuite>
