<?xml version="1.0" encoding="UTF-8"?>
<testng-results skipped="0" failed="0" total="1" passed="1">
  <reporter-output>
  </reporter-output>
  <suite name="com.coveros.appium_testing.YoutubeTest" duration-ms="36801" started-at="2017-10-26T16:40:41Z" finished-at="2017-10-26T16:41:18Z">
    <groups>
    </groups>
    <test name="Command line test" duration-ms="36801" started-at="2017-10-26T16:40:41Z" finished-at="2017-10-26T16:41:18Z">
      <class name="com.coveros.appium_testing.YoutubeTest">
        <test-method status="PASS" signature="setup()" name="setup" is-config="true" duration-ms="24524" started-at="2017-10-26T16:40:41Z" finished-at="2017-10-26T16:41:06Z">
        </test-method>
        <test-method status="PASS" signature="youtubeSearch()" name="youtubeSearch" duration-ms="8791" started-at="2017-10-26T16:41:06Z" finished-at="2017-10-26T16:41:15Z">
        </test-method>
        <test-method status="PASS" signature="tearDown()" name="tearDown" is-config="true" duration-ms="3478" started-at="2017-10-26T16:41:15Z" finished-at="2017-10-26T16:41:18Z">
        </test-method>
      </class>
    </test>
  </suite>
</testng-results>
