<?xml version="1.0" encoding="UTF-8"?>
<testng-results skipped="0" failed="0" total="6" passed="6">
  <reporter-output>
  </reporter-output>
  <suite name="Sample Suite" duration-ms="196794" started-at="2017-10-31T10:41:51Z" finished-at="2017-10-31T10:45:08Z">
    <groups>
    </groups>
    <test name="Sample Test" duration-ms="196794" started-at="2017-10-31T10:41:51Z" finished-at="2017-10-31T10:45:08Z">
      <class name="com.coveros.appium_testing.YoutubePageTests">
        <test-method status="PASS" signature="setup()" name="setup" is-config="true" duration-ms="21928" started-at="2017-10-31T10:41:51Z" finished-at="2017-10-31T10:42:13Z">
        </test-method>
        <test-method status="PASS" signature="goToAccount()" name="goToAccount" duration-ms="3316" started-at="2017-10-31T10:42:13Z" finished-at="2017-10-31T10:42:16Z">
        </test-method>
        <test-method status="PASS" signature="tearDown()" name="tearDown" is-config="true" duration-ms="4120" started-at="2017-10-31T10:42:16Z" finished-at="2017-10-31T10:42:20Z">
        </test-method>
        <test-method status="PASS" signature="setup()" name="setup" is-config="true" duration-ms="20899" started-at="2017-10-31T10:42:20Z" finished-at="2017-10-31T10:42:41Z">
        </test-method>
        <test-method status="PASS" signature="goToVideo()" name="goToVideo" duration-ms="6701" started-at="2017-10-31T10:42:41Z" finished-at="2017-10-31T10:42:48Z">
        </test-method>
        <test-method status="PASS" signature="tearDown()" name="tearDown" is-config="true" duration-ms="3673" started-at="2017-10-31T10:42:48Z" finished-at="2017-10-31T10:42:51Z">
        </test-method>
        <test-method status="PASS" signature="setup()" name="setup" is-config="true" duration-ms="22506" started-at="2017-10-31T10:42:51Z" finished-at="2017-10-31T10:43:14Z">
        </test-method>
        <test-method status="PASS" signature="searchMethod()" name="searchMethod" duration-ms="9252" started-at="2017-10-31T10:43:14Z" finished-at="2017-10-31T10:43:23Z">
        </test-method>
        <test-method status="PASS" signature="tearDown()" name="tearDown" is-config="true" duration-ms="3398" started-at="2017-10-31T10:43:23Z" finished-at="2017-10-31T10:43:27Z">
        </test-method>
      </class>
      <class name="com.coveros.appium_testing.YoutubeTests">
        <test-method status="PASS" signature="setup()" name="setup" is-config="true" duration-ms="20973" started-at="2017-10-31T10:43:27Z" finished-at="2017-10-31T10:43:48Z">
        </test-method>
        <test-method status="PASS" signature="checkAccountButton()" name="checkAccountButton" duration-ms="6183" started-at="2017-10-31T10:43:48Z" finished-at="2017-10-31T10:43:54Z">
        </test-method>
        <test-method status="PASS" signature="tearDown()" name="tearDown" is-config="true" duration-ms="3611" started-at="2017-10-31T10:43:54Z" finished-at="2017-10-31T10:43:57Z">
        </test-method>
        <test-method status="PASS" signature="setup()" name="setup" is-config="true" duration-ms="20987" started-at="2017-10-31T10:43:57Z" finished-at="2017-10-31T10:44:18Z">
        </test-method>
        <test-method status="PASS" signature="videoTest()" name="videoTest" duration-ms="9930" started-at="2017-10-31T10:44:18Z" finished-at="2017-10-31T10:44:28Z">
        </test-method>
        <test-method status="PASS" signature="tearDown()" name="tearDown" is-config="true" duration-ms="3337" started-at="2017-10-31T10:44:28Z" finished-at="2017-10-31T10:44:32Z">
        </test-method>
        <test-method status="PASS" signature="setup()" name="setup" is-config="true" duration-ms="20889" started-at="2017-10-31T10:44:32Z" finished-at="2017-10-31T10:44:52Z">
        </test-method>
        <test-method status="PASS" signature="youtubeSearch()" name="youtubeSearch" duration-ms="11807" started-at="2017-10-31T10:44:52Z" finished-at="2017-10-31T10:45:04Z">
        </test-method>
        <test-method status="PASS" signature="tearDown()" name="tearDown" is-config="true" duration-ms="3268" started-at="2017-10-31T10:45:04Z" finished-at="2017-10-31T10:45:08Z">
        </test-method>
      </class>
    </test>
  </suite>
</testng-results>
