<?xml version="1.0" encoding="UTF-8" ?>
<testsuite tests="2" failures="1" name="TestSuite" time="54.352" errors="0" skipped="0">
  <properties>
[...]
</properties>
  <testcase classname="com.coveros.appium_testing.YoutubeTests" name="youtubeSearch" time="13.835">
    <failure message="An element could not be located on the page using the given search parameters. (WARNING: The server did not provide any stacktrace information)
Command duration or timeout: 12.90 seconds
For documentation on this error, please visit: http://seleniumhq.org/exceptions/no_such_element.html
Build info: version: &apos;2.46.0&apos;, revision: &apos;61506a4624b13675f24581e453592342b7485d71&apos;, time: &apos;2015-06-04 10:22:50&apos;
System info: host: &apos;CoverosSpare&apos;, ip: &apos;192.168.1.174&apos;, os.name: &apos;Windows 8.1&apos;, os.arch: &apos;amd64&apos;, os.version: &apos;6.3&apos;, java.version: &apos;1.8.0_144&apos;
Driver info: io.appium.java_client.android.AndroidDriver
Capabilities [{appPackage=com.google.android.youtube, deviceScreenSize=1440x2960, networkConnectionEnabled=true, warnings={}, databaseEnabled=false, deviceName=192.168.250.101:5555, platform=LINUX, deviceUDID=192.168.250.101:5555, appActivity=com.google.android.apps.youtube.app.WatchWhileActivity, desired={appPackage=com.google.android.youtube, appActivity=com.google.android.apps.youtube.app.WatchWhileActivity, browserName=, platformName=Android, deviceName=emulator}, platformVersion=7.0, webStorageEnabled=false, locationContextEnabled=false, takesScreenshot=true, browserName=, javascriptEnabled=true, deviceModel=Samsung Galaxy S8  API 24, platformName=Android, deviceManufacturer=Genymotion}]
Session ID: cfa00336-176c-4338-a3f4-38394cea2f18" type="org.openqa.selenium.NoSuchElementException">org.openqa.selenium.NoSuchElementException: An element could not be located on the page using the given search parameters. (WARNING: The server did not provide any stacktrace information)
Command duration or timeout: 12.90 seconds
For documentation on this error, please visit: http://seleniumhq.org/exceptions/no_such_element.html
Build info: version: &apos;2.46.0&apos;, revision: &apos;61506a4624b13675f24581e453592342b7485d71&apos;, time: &apos;2015-06-04 10:22:50&apos;
System info: host: &apos;CoverosSpare&apos;, ip: &apos;192.168.1.174&apos;, os.name: &apos;Windows 8.1&apos;, os.arch: &apos;amd64&apos;, os.version: &apos;6.3&apos;, java.version: &apos;1.8.0_144&apos;
Driver info: io.appium.java_client.android.AndroidDriver
Capabilities [{appPackage=com.google.android.youtube, deviceScreenSize=1440x2960, networkConnectionEnabled=true, warnings={}, databaseEnabled=false, deviceName=192.168.250.101:5555, platform=LINUX, deviceUDID=192.168.250.101:5555, appActivity=com.google.android.apps.youtube.app.WatchWhileActivity, desired={appPackage=com.google.android.youtube, appActivity=com.google.android.apps.youtube.app.WatchWhileActivity, browserName=, platformName=Android, deviceName=emulator}, platformVersion=7.0, webStorageEnabled=false, locationContextEnabled=false, takesScreenshot=true, browserName=, javascriptEnabled=true, deviceModel=Samsung Galaxy S8  API 24, platformName=Android, deviceManufacturer=Genymotion}]
Session ID: cfa00336-176c-4338-a3f4-38394cea2f18
	at sun.reflect.NativeConstructorAccessorImpl.newInstance0(Native Method)
	at sun.reflect.NativeConstructorAccessorImpl.newInstance(NativeConstructorAccessorImpl.java:62)
	at sun.reflect.DelegatingConstructorAccessorImpl.newInstance(DelegatingConstructorAccessorImpl.java:45)
	at java.lang.reflect.Constructor.newInstance(Constructor.java:423)
	at org.openqa.selenium.remote.ErrorHandler.createThrowable(ErrorHandler.java:204)
	at org.openqa.selenium.remote.ErrorHandler.throwIfResponseFailed(ErrorHandler.java:156)
	at org.openqa.selenium.remote.RemoteWebDriver.execute(RemoteWebDriver.java:605)
	at io.appium.java_client.DefaultGenericMobileDriver.execute(DefaultGenericMobileDriver.java:27)
	at io.appium.java_client.AppiumDriver.execute(AppiumDriver.java:1)
	at io.appium.java_client.android.AndroidDriver.execute(AndroidDriver.java:1)
	at org.openqa.selenium.remote.RemoteWebElement.execute(RemoteWebElement.java:269)
	at io.appium.java_client.DefaultGenericMobileElement.execute(DefaultGenericMobileElement.java:27)
	at io.appium.java_client.MobileElement.execute(MobileElement.java:1)
	at io.appium.java_client.android.AndroidElement.execute(AndroidElement.java:1)
	at org.openqa.selenium.remote.RemoteWebElement.click(RemoteWebElement.java:80)
	at com.coveros.appium_testing.YoutubeTests.youtubeSearch(YoutubeTests.java:60)
</failure>
  </testcase>
  <testcase classname="com.coveros.appium_testing.YoutubeTests" name="checkCloseButton" time="23.335"/>
</testsuite>